<?xml version="1.0" encoding="UTF-8"?>
<!-- Generated by org.testng.reporters.JUnitReportReporter -->
<testsuite hostname="Aniket-PC" name="comaniket.automation.ecommerce.DataDrivenTest" tests="2" failures="0" timestamp="12 Feb 2019 18:05:28 GMT" time="25.981" errors="0">
  <testcase name="DataDrivenTestCase" time="14.149" classname="comaniket.automation.ecommerce.DataDrivenTest"/>
  <testcase name="DataDrivenTestCase" time="11.832" classname="comaniket.automation.ecommerce.DataDrivenTest"/>
</testsuite> <!-- comaniket.automation.ecommerce.DataDrivenTest -->
