<?xml version="1.0" encoding="UTF-8"?>
<!-- Generated by org.testng.reporters.JUnitReportReporter -->
<testsuite hostname="Aniket-PC" name="comaniket.automation.ecommerce.ReverseStringUsingStringBuffer" tests="1" failures="0" timestamp="18 Feb 2019 16:23:44 GMT" time="0.028" errors="0">
  <testcase name="ReverseString" time="0.028" classname="comaniket.automation.ecommerce.ReverseStringUsingStringBuffer"/>
</testsuite> <!-- comaniket.automation.ecommerce.ReverseStringUsingStringBuffer -->
