<?xml version="1.0" encoding="UTF-8"?>
<!-- Generated by org.testng.reporters.JUnitReportReporter -->
<testsuite hostname="Aniket-PC" name="comaniket.automation.ecommerce.FileUploadUsingAutoIt" tests="1" failures="0" timestamp="9 Feb 2019 16:17:13 GMT" time="27.320" errors="0">
  <testcase name="FileUpload" time="27.320" classname="comaniket.automation.ecommerce.FileUploadUsingAutoIt"/>
</testsuite> <!-- comaniket.automation.ecommerce.FileUploadUsingAutoIt -->
