<?xml version="1.0" encoding="UTF-8"?>
<!-- Generated by org.testng.reporters.JUnitReportReporter -->
<testsuite hostname="Aniket-PC" name="comaniket.automation.ecommerce.Log4jExample" tests="1" failures="0" timestamp="14 Feb 2019 17:07:19 GMT" time="15.135" errors="0">
  <testcase name="HandleAlert" time="15.135" classname="comaniket.automation.ecommerce.Log4jExample"/>
</testsuite> <!-- comaniket.automation.ecommerce.Log4jExample -->
