<?xml version="1.0" encoding="UTF-8"?>
<!-- Generated by org.testng.reporters.JUnitReportReporter -->
<testsuite hostname="Aniket-PC" name="comaniket.automation.tests.ArrayConcepts" tests="1" failures="0" timestamp="2 Apr 2019 17:14:04 GMT" time="0.039" errors="0">
  <testcase name="ArrayConcept" time="0.039" classname="comaniket.automation.tests.ArrayConcepts"/>
</testsuite> <!-- comaniket.automation.tests.ArrayConcepts -->
