<?xml version="1.0" encoding="UTF-8"?>
<!-- Generated by org.testng.reporters.JUnitReportReporter -->
<testsuite hostname="Aniket-PC" name="comaniket.automation.ecommerce.Demo" tests="1" failures="0" timestamp="27 Jan 2019 08:04:40 GMT" time="0.040" errors="0">
  <testcase name="Sum" time="0.040" classname="comaniket.automation.ecommerce.Demo"/>
</testsuite> <!-- comaniket.automation.ecommerce.Demo -->
