<?xml version="1.0" encoding="UTF-8"?>
<!-- Generated by org.testng.reporters.JUnitReportReporter -->
<testsuite hostname="Aniket-PC" name="comaniket.automation.ecommerce.DemoTest" tests="2" failures="0" timestamp="27 Jan 2019 16:31:04 GMT" time="0.047" errors="0">
  <testcase name="Subtract" time="0.027" classname="comaniket.automation.ecommerce.DemoTest"/>
  <testcase name="Sum" time="0.020" classname="comaniket.automation.ecommerce.DemoTest"/>
</testsuite> <!-- comaniket.automation.ecommerce.DemoTest -->
