<?xml version="1.0" encoding="UTF-8"?>
<!-- Generated by org.testng.reporters.JUnitReportReporter -->
<testsuite hostname="Aniket-PC" name="comaniket.automation.ecommerce.CalenderDateSelection" tests="1" failures="0" timestamp="10 Feb 2019 15:31:24 GMT" time="20.764" errors="0">
  <testcase name="SelectDate" time="20.764" classname="comaniket.automation.ecommerce.CalenderDateSelection"/>
</testsuite> <!-- comaniket.automation.ecommerce.CalenderDateSelection -->
