<?xml version="1.0" encoding="UTF-8"?>
<!-- Generated by org.testng.reporters.JUnitReportReporter -->
<testsuite hostname="Aniket-PC" name="comaniket.automation.ecommerce.ExcelDataReadFromExcelUtility" tests="1" failures="0" timestamp="11 Feb 2019 17:51:36 GMT" time="1.022" errors="0">
  <testcase name="ExcelDataRead" time="1.022" classname="comaniket.automation.ecommerce.ExcelDataReadFromExcelUtility"/>
</testsuite> <!-- comaniket.automation.ecommerce.ExcelDataReadFromExcelUtility -->
