<?xml version="1.0" encoding="UTF-8"?>
<!-- Generated by org.testng.reporters.JUnitReportReporter -->
<testsuite hostname="Aniket-PC" name="comaniket.automation.ecommerce.CalenderDateSelectionUsingJS" tests="1" failures="0" timestamp="10 Feb 2019 08:11:21 GMT" time="20.741" errors="0">
  <testcase name="SelectDate" time="20.741" classname="comaniket.automation.ecommerce.CalenderDateSelectionUsingJS"/>
</testsuite> <!-- comaniket.automation.ecommerce.CalenderDateSelectionUsingJS -->
