<?xml version="1.0" encoding="UTF-8"?>
<!-- Generated by org.testng.reporters.JUnitReportReporter -->
<testsuite hostname="Aniket-PC" name="comaniket.automation.tests.Loops" tests="1" failures="0" timestamp="2 Apr 2019 15:53:20 GMT" time="0.026" errors="0">
  <testcase name="WhileLoop" time="0.026" classname="comaniket.automation.tests.Loops"/>
</testsuite> <!-- comaniket.automation.tests.Loops -->
