<?xml version="1.0" encoding="UTF-8"?>
<!-- Generated by org.testng.reporters.JUnitReportReporter -->
<testsuite hostname="Aniket-PC" name="comaniket.automation.tests.TwoDimensionalArray" tests="1" failures="0" timestamp="2 Apr 2019 17:49:50 GMT" time="0.018" errors="0">
  <testcase name="TwoDimArray" time="0.018" classname="comaniket.automation.tests.TwoDimensionalArray"/>
</testsuite> <!-- comaniket.automation.tests.TwoDimensionalArray -->
