<?xml version="1.0" encoding="UTF-8"?>
<!-- Generated by org.testng.reporters.JUnitReportReporter -->
<testsuite hostname="Aniket-PC" name="comaniket.automation.tests.IncreamentDecreamentOperators" tests="1" failures="0" timestamp="2 Apr 2019 16:04:18 GMT" time="0.025" errors="0">
  <testcase name="IncreamentDecreament" time="0.025" classname="comaniket.automation.tests.IncreamentDecreamentOperators"/>
</testsuite> <!-- comaniket.automation.tests.IncreamentDecreamentOperators -->
