<?xml version="1.0" encoding="UTF-8"?>
<!-- Generated by org.testng.reporters.JUnitReportReporter -->
<testsuite hostname="Aniket-PC" name="comaniket.automation.ecommerce.Alerts" tests="1" failures="0" timestamp="13 Feb 2019 16:29:14 GMT" time="12.097" errors="0">
  <testcase name="HandleAlert" time="12.097" classname="comaniket.automation.ecommerce.Alerts"/>
</testsuite> <!-- comaniket.automation.ecommerce.Alerts -->
