<?xml version="1.0" encoding="UTF-8"?>
<!-- Generated by org.testng.reporters.JUnitReportReporter -->
<testsuite hostname="Aniket-PC" name="comaniket.automation.ecommerce.XcelDataReader" tests="1" failures="0" timestamp="11 Feb 2019 17:19:33 GMT" time="1.031" errors="0">
  <testcase name="ReadExcelData" time="1.031" classname="comaniket.automation.ecommerce.XcelDataReader"/>
</testsuite> <!-- comaniket.automation.ecommerce.XcelDataReader -->
