<?xml version="1.0" encoding="UTF-8"?>
<!-- Generated by org.testng.reporters.JUnitReportReporter -->
<testsuite hostname="Aniket-PC" name="comaniket.automation.ecommerce.ReverseString" tests="1" failures="0" timestamp="18 Feb 2019 16:20:41 GMT" time="0.020" errors="0">
  <testcase name="ReverseString" time="0.020" classname="comaniket.automation.ecommerce.ReverseString"/>
</testsuite> <!-- comaniket.automation.ecommerce.ReverseString -->
