<?xml version="1.0" encoding="UTF-8"?>
<!-- Generated by org.testng.reporters.JUnitReportReporter -->
<testsuite hostname="Aniket-PC" name="comaniket.automation.ecommerce.DemoTest2" tests="2" failures="0" timestamp="31 Jan 2019 14:50:49 GMT" time="17.145" errors="0">
  <testcase name="Google" time="17.141" classname="comaniket.automation.ecommerce.DemoTest2"/>
  <testcase name="Subtract" time="0.004" classname="comaniket.automation.ecommerce.DemoTest2"/>
</testsuite> <!-- comaniket.automation.ecommerce.DemoTest2 -->
