<?xml version="1.0" encoding="UTF-8"?>
<!-- Generated by org.testng.reporters.JUnitReportReporter -->
<testsuite hostname="Aniket-PC" name="comaniket.automation.ecommerce.DemoTest2" tests="2" failures="0" timestamp="28 Jan 2019 17:42:00 GMT" time="20.208" errors="0">
  <testcase name="Subtract" time="0.034" classname="comaniket.automation.ecommerce.DemoTest2"/>
  <testcase name="Sum" time="20.174" classname="comaniket.automation.ecommerce.DemoTest2"/>
</testsuite> <!-- comaniket.automation.ecommerce.DemoTest2 -->
